[INFO ][20160311 10:11:47,388][AbstractApplicationContext:510] Refreshing org.springframework.context.support.ClassPathXmlApplicationContext@c8ed68a: startup date [Fri Mar 11 10:11:47 CST 2016]; root of context hierarchy
[INFO ][20160311 10:11:47,451][XmlBeanDefinitionReader:315] Loading XML bean definitions from class path resource [spring/spring-context.xml]
[INFO ][20160311 10:11:47,665][XmlBeanDefinitionReader:315] Loading XML bean definitions from class path resource [spring/spring-mq.xml]
[INFO ][20160311 10:11:47,696][DefaultListableBeanFactory:665] Overriding bean definition for bean 'consumerSessionAwareMessageListener': replacing [Generic bean: class [com.ny.jsb.mq.demo.listener.ConsumerSessionAwareMessageListener]; scope=singleton; abstract=false; lazyInit=false; autowireMode=1; dependencyCheck=0; autowireCandidate=true; primary=false; factoryBeanName=null; factoryMethodName=null; initMethodName=null; destroyMethodName=null; defined in file [D:\eclipse-workspace-mq\customer\target\classes\com\ny\jsb\mq\demo\listener\ConsumerSessionAwareMessageListener.class]] with [Generic bean: class [com.ny.jsb.mq.demo.listener.ConsumerSessionAwareMessageListener]; scope=; abstract=false; lazyInit=false; autowireMode=1; dependencyCheck=0; autowireCandidate=true; primary=false; factoryBeanName=null; factoryMethodName=null; initMethodName=null; destroyMethodName=null; defined in class path resource [spring/spring-mq.xml]]
[INFO ][20160311 10:11:47,697][XmlBeanDefinitionReader:315] Loading XML bean definitions from class path resource [spring/spring-mail.xml]
[INFO ][20160311 10:11:47,833][PropertiesLoaderSupport:172] Loading properties file from class path resource [mq.properties]
[INFO ][20160311 10:11:47,834][PropertiesLoaderSupport:172] Loading properties file from class path resource [mail.properties]
[INFO ][20160311 10:11:47,888][DefaultListableBeanFactory:598] Pre-instantiating singletons in org.springframework.beans.factory.support.DefaultListableBeanFactory@3cc72e8f: defining beans [org.springframework.context.annotation.internalConfigurationAnnotationProcessor,org.springframework.context.annotation.internalAutowiredAnnotationProcessor,org.springframework.context.annotation.internalRequiredAnnotationProcessor,org.springframework.context.annotation.internalCommonAnnotationProcessor,mailBiz,consumerSessionAwareMessageListener,org.springframework.context.support.PropertySourcesPlaceholderConfigurer#0,org.springframework.aop.config.internalAutoProxyCreator,targetConnectionFactory,pooledConnectionFactory,connectionFactory,activeMqJmsTemplate,sessionAwareQueue,sessionAwareListenerContainer,mailSender,simpleMailMessage,threadPool,org.springframework.context.annotation.ConfigurationClassPostProcessor.importAwareProcessor]; root of factory hierarchy
[INFO ][20160311 10:11:48,000][ExecutorConfigurationSupport:154] Initializing ExecutorService  'threadPool'
[INFO ][20160311 10:11:48,164][DefaultLifecycleProcessor$LifecycleGroup:334] Starting beans in phase 2147483647
[INFO ][20160311 10:11:48,353][SingleConnectionFactory:291] Established shared JMS Connection: PooledConnection { ConnectionPool[ActiveMQConnection {id=ID:DESKTOP-41UUL51-55758-1457662308239-1:1,clientId=null,started=false}] }
[INFO ][20160311 10:11:48,370][DefaultLifecycleProcessor$LifecycleGroup:334] Starting beans in phase 2147483647
[INFO ][20160311 10:11:48,430][ConsumerSessionAwareMessageListener:36] ==>receive message:{"content":"通过ActiveMQ异步发送邮件！","subject":"ActiveMQ测试","to":"1002673546@qq.com"}
[INFO ][20160311 10:41:01,966][AbstractApplicationContext:510] Refreshing org.springframework.context.support.ClassPathXmlApplicationContext@75a70476: startup date [Fri Mar 11 10:41:01 CST 2016]; root of context hierarchy
[INFO ][20160311 10:41:02,027][XmlBeanDefinitionReader:315] Loading XML bean definitions from class path resource [spring/spring-context.xml]
[INFO ][20160311 10:41:02,230][XmlBeanDefinitionReader:315] Loading XML bean definitions from class path resource [spring/spring-mq.xml]
[INFO ][20160311 10:41:02,262][DefaultListableBeanFactory:665] Overriding bean definition for bean 'consumerSessionAwareMessageListener': replacing [Generic bean: class [com.ny.jsb.mq.demo.listener.ConsumerSessionAwareMessageListener]; scope=singleton; abstract=false; lazyInit=false; autowireMode=1; dependencyCheck=0; autowireCandidate=true; primary=false; factoryBeanName=null; factoryMethodName=null; initMethodName=null; destroyMethodName=null; defined in file [D:\eclipse-workspace-mq\customer\target\classes\com\ny\jsb\mq\demo\listener\ConsumerSessionAwareMessageListener.class]] with [Generic bean: class [com.ny.jsb.mq.demo.listener.ConsumerSessionAwareMessageListener]; scope=; abstract=false; lazyInit=false; autowireMode=1; dependencyCheck=0; autowireCandidate=true; primary=false; factoryBeanName=null; factoryMethodName=null; initMethodName=null; destroyMethodName=null; defined in class path resource [spring/spring-mq.xml]]
[INFO ][20160311 10:41:02,264][XmlBeanDefinitionReader:315] Loading XML bean definitions from class path resource [spring/spring-mail.xml]
[INFO ][20160311 10:41:02,395][PropertiesLoaderSupport:172] Loading properties file from class path resource [mq.properties]
[INFO ][20160311 10:41:02,396][PropertiesLoaderSupport:172] Loading properties file from class path resource [mail.properties]
[INFO ][20160311 10:41:02,454][DefaultListableBeanFactory:598] Pre-instantiating singletons in org.springframework.beans.factory.support.DefaultListableBeanFactory@3bd78ffd: defining beans [org.springframework.context.annotation.internalConfigurationAnnotationProcessor,org.springframework.context.annotation.internalAutowiredAnnotationProcessor,org.springframework.context.annotation.internalRequiredAnnotationProcessor,org.springframework.context.annotation.internalCommonAnnotationProcessor,mailBiz,consumerSessionAwareMessageListener,org.springframework.context.support.PropertySourcesPlaceholderConfigurer#0,org.springframework.aop.config.internalAutoProxyCreator,targetConnectionFactory,pooledConnectionFactory,connectionFactory,activeMqJmsTemplate,sessionAwareQueue2,sessionAwareQueue,sessionAwareListenerContainer,mailSender,simpleMailMessage,threadPool,org.springframework.context.annotation.ConfigurationClassPostProcessor.importAwareProcessor]; root of factory hierarchy
[INFO ][20160311 10:41:02,532][ExecutorConfigurationSupport:154] Initializing ExecutorService  'threadPool'
[INFO ][20160311 10:41:02,679][DefaultLifecycleProcessor$LifecycleGroup:334] Starting beans in phase 2147483647
[INFO ][20160311 10:41:02,859][SingleConnectionFactory:291] Established shared JMS Connection: PooledConnection { ConnectionPool[ActiveMQConnection {id=ID:DESKTOP-41UUL51-56214-1457664062740-1:1,clientId=null,started=false}] }
[INFO ][20160311 10:41:02,891][DefaultLifecycleProcessor$LifecycleGroup:334] Starting beans in phase 2147483647
